info: ::1 - - [03/Mar/2023:06:22:25 +0000] "POST /api/v1/users HTTP/1.1" 201 333 "-" "PostmanRuntime/7.31.1"

info: ::1 - - [03/Mar/2023:06:22:52 +0000] "POST /api/v1/users/login HTTP/1.1" 200 813 "-" "PostmanRuntime/7.31.1"

info: ::1 - - [03/Mar/2023:06:39:27 +0000] "GET /api/v1/notes HTTP/1.1" 404 47 "-" "PostmanRuntime/7.31.1"

info: ::1 - - [03/Mar/2023:06:39:37 +0000] "GET /api/v1/notes HTTP/1.1" 404 47 "-" "PostmanRuntime/7.31.1"

info: ::1 - - [03/Mar/2023:06:40:08 +0000] "GET /api/v1/books HTTP/1.1" 200 63 "-" "PostmanRuntime/7.31.1"

info: ::1 - - [03/Mar/2023:06:42:07 +0000] "GET /api/v1/books HTTP/1.1" 200 63 "-" "PostmanRuntime/7.31.1"

info: ::1 - - [03/Mar/2023:06:43:13 +0000] "GET /api/v1/notes/6214803b05253301a4fda584 HTTP/1.1" 404 47 "-" "PostmanRuntime/7.31.1"

info: ::1 - - [03/Mar/2023:06:43:24 +0000] "GET /api/v1/books/6214803b05253301a4fda584 HTTP/1.1" 404 52 "-" "PostmanRuntime/7.31.1"

info: ::1 - - [03/Mar/2023:06:46:52 +0000] "GET /api/v1/books/6214803b05253301a4fda584 HTTP/1.1" 200 1342 "-" "PostmanRuntime/7.31.1"

info: ::1 - - [03/Mar/2023:06:47:02 +0000] "GET /api/v1/books HTTP/1.1" 200 9280 "-" "PostmanRuntime/7.31.1"

info: ::1 - - [03/Mar/2023:06:48:59 +0000] "POST /api/v1/users/forget HTTP/1.1" 400 113 "-" "PostmanRuntime/7.31.1"

info: ::1 - - [03/Mar/2023:06:49:37 +0000] "POST /api/v1/users HTTP/1.1" 201 339 "-" "PostmanRuntime/7.31.1"

info: ::1 - - [03/Mar/2023:06:49:43 +0000] "POST /api/v1/users/forget HTTP/1.1" 400 113 "-" "PostmanRuntime/7.31.1"

info: ::1 - - [03/Mar/2023:06:50:25 +0000] "POST /api/v1/users/forget HTTP/1.1" 400 113 "-" "PostmanRuntime/7.31.1"

info: ::1 - - [03/Mar/2023:06:50:50 +0000] "POST /api/v1/users HTTP/1.1" 201 340 "-" "PostmanRuntime/7.31.1"

info: ::1 - - [03/Mar/2023:06:50:54 +0000] "POST /api/v1/users/forget HTTP/1.1" 200 79 "-" "PostmanRuntime/7.31.1"

info: ::1 - - [03/Mar/2023:09:08:47 +0000] "POST /api/v1/users/login HTTP/1.1" 200 813 "-" "PostmanRuntime/7.31.1"

info: ::1 - - [03/Mar/2023:09:09:11 +0000] "GET /api/v1/books HTTP/1.1" 200 9280 "-" "PostmanRuntime/7.31.1"

info: ::1 - - [03/Mar/2023:09:13:16 +0000] "POST /api/v1/cart/6214803b05253301a4fda584 HTTP/1.1" 500 87 "-" "PostmanRuntime/7.31.1"

info: ::1 - - [03/Mar/2023:09:16:24 +0000] "POST /api/v1/cart/6214803b05253301a4fda584 HTTP/1.1" 500 87 "-" "PostmanRuntime/7.31.1"

info: ::1 - - [03/Mar/2023:09:17:49 +0000] "POST /api/v1/cart/6214803b05253301a4fda584 HTTP/1.1" 500 87 "-" "PostmanRuntime/7.31.1"

info: ::1 - - [03/Mar/2023:09:41:21 +0000] "POST /api/v1/cart/6214803b05253301a4fda584 HTTP/1.1" 500 72 "-" "PostmanRuntime/7.31.1"

info: ::1 - - [03/Mar/2023:09:43:49 +0000] "POST /api/v1/cart/6214803b05253301a4fda584 HTTP/1.1" 500 72 "-" "PostmanRuntime/7.31.1"

info: ::1 - - [03/Mar/2023:09:47:38 +0000] "POST /api/v1/cart/6214803b05253301a4fda584 HTTP/1.1" 200 44 "-" "PostmanRuntime/7.31.1"

info: ::1 - - [03/Mar/2023:09:48:58 +0000] "POST /api/v1/cart/6214803b05253301a4fda584 HTTP/1.1" 201 1319 "-" "PostmanRuntime/7.31.1"

info: ::1 - - [03/Mar/2023:09:49:17 +0000] "POST /api/v1/cart/6214803b05253301a4fda584 HTTP/1.1" 200 1303 "-" "PostmanRuntime/7.31.1"

info: ::1 - - [03/Mar/2023:09:51:13 +0000] "POST /api/v1/cart/6214803b05253301a4fda584 HTTP/1.1" 200 1303 "-" "PostmanRuntime/7.31.1"

info: ::1 - - [03/Mar/2023:09:51:35 +0000] "POST /api/v1/cart/6214803b05253301a4fda584 HTTP/1.1" 200 1303 "-" "PostmanRuntime/7.31.1"

info: ::1 - - [03/Mar/2023:09:51:37 +0000] "POST /api/v1/cart/6214803b05253301a4fda584 HTTP/1.1" 200 1303 "-" "PostmanRuntime/7.31.1"

info: ::1 - - [03/Mar/2023:09:51:59 +0000] "POST /api/v1/cart/6214803b05253301a4fda584 HTTP/1.1" 200 1303 "-" "PostmanRuntime/7.31.1"

info: ::1 - - [03/Mar/2023:09:52:04 +0000] "POST /api/v1/cart/6214803b05253301a4fda584 HTTP/1.1" 200 1303 "-" "PostmanRuntime/7.31.1"

info: ::1 - - [03/Mar/2023:09:52:06 +0000] "POST /api/v1/cart/6214803b05253301a4fda584 HTTP/1.1" 200 1303 "-" "PostmanRuntime/7.31.1"

info: ::1 - - [03/Mar/2023:09:52:08 +0000] "POST /api/v1/cart/6214803b05253301a4fda584 HTTP/1.1" 200 1303 "-" "PostmanRuntime/7.31.1"

info: ::1 - - [03/Mar/2023:10:41:42 +0000] "POST /api/v1/cart/6214803b05253301a4fda584 HTTP/1.1" 200 70 "-" "PostmanRuntime/7.31.1"

info: ::1 - - [03/Mar/2023:10:44:20 +0000] "POST /api/v1/cart/6214803b05253301a4fda584 HTTP/1.1" 200 70 "-" "PostmanRuntime/7.31.1"

info: ::1 - - [03/Mar/2023:10:47:46 +0000] "POST /api/v1/cart/6214803b05253301a4fda584 HTTP/1.1" 200 70 "-" "PostmanRuntime/7.31.1"

info: ::1 - - [03/Mar/2023:10:47:51 +0000] "POST /api/v1/cart/6214803b05253301a4fda584 HTTP/1.1" 200 70 "-" "PostmanRuntime/7.31.1"

info: ::1 - - [03/Mar/2023:10:47:55 +0000] "POST /api/v1/cart/6214803b05253301a4fda584 HTTP/1.1" 200 70 "-" "PostmanRuntime/7.31.1"

info: ::1 - - [03/Mar/2023:10:49:40 +0000] "POST /api/v1/cart/6215890d05253301a4fda5d1 HTTP/1.1" 200 70 "-" "PostmanRuntime/7.31.1"

info: ::1 - - [03/Mar/2023:10:49:50 +0000] "POST /api/v1/cart/6215890d05253301a4fda5d1 HTTP/1.1" 200 70 "-" "PostmanRuntime/7.31.1"

info: ::1 - - [03/Mar/2023:10:53:39 +0000] "POST /api/v1/cart/6214803b05253301a4fda584 HTTP/1.1" 200 56 "-" "PostmanRuntime/7.31.1"

info: ::1 - - [03/Mar/2023:10:53:45 +0000] "POST /api/v1/cart/6214803b05253301a4fda584 HTTP/1.1" 200 56 "-" "PostmanRuntime/7.31.1"

info: ::1 - - [03/Mar/2023:10:54:21 +0000] "POST /api/v1/cart/6215178d05253301a4fda5c4 HTTP/1.1" 200 56 "-" "PostmanRuntime/7.31.1"

info: ::1 - - [03/Mar/2023:10:55:52 +0000] "POST /api/v1/cart/6215178d05253301a4fda5c4 HTTP/1.1" 200 56 "-" "PostmanRuntime/7.31.1"

info: ::1 - - [03/Mar/2023:10:58:25 +0000] "POST /api/v1/cart/621588af05253301a4fda5ce HTTP/1.1" 200 56 "-" "PostmanRuntime/7.31.1"

info: ::1 - - [03/Mar/2023:11:02:17 +0000] "POST /api/v1/cart/621588af05253301a4fda5ce HTTP/1.1" 200 56 "-" "PostmanRuntime/7.31.1"

info: ::1 - - [03/Mar/2023:11:05:00 +0000] "POST /api/v1/cart/621588af05253301a4fda5ce HTTP/1.1" 200 56 "-" "PostmanRuntime/7.31.1"

info: ::1 - - [03/Mar/2023:11:07:06 +0000] "POST /api/v1/cart/621588af05253301a4fda5ce HTTP/1.1" 200 56 "-" "PostmanRuntime/7.31.1"

info: ::1 - - [03/Mar/2023:11:13:59 +0000] "POST /api/v1/cart/621588af05253301a4fda5ce HTTP/1.1" 200 56 "-" "PostmanRuntime/7.31.1"

info: ::1 - - [03/Mar/2023:11:15:28 +0000] "POST /api/v1/cart/621588af05253301a4fda5ce HTTP/1.1" 200 56 "-" "PostmanRuntime/7.31.1"

info: ::1 - - [03/Mar/2023:11:20:14 +0000] "POST /api/v1/cart/6401d0cea162723500502747 HTTP/1.1" - - "-" "PostmanRuntime/7.31.1"

info: ::1 - - [03/Mar/2023:11:23:08 +0000] "POST /api/v1/cart/6401d0cea162723500502747 HTTP/1.1" 400 64 "-" "PostmanRuntime/7.31.1"

info: ::1 - - [03/Mar/2023:11:23:21 +0000] "GET /api/v1/books HTTP/1.1" 200 9280 "-" "PostmanRuntime/7.31.1"

info: ::1 - - [03/Mar/2023:11:24:05 +0000] "GET /api/v1/books/621588d505253301a4fda5cf HTTP/1.1" 200 379 "-" "PostmanRuntime/7.31.1"

info: ::1 - - [03/Mar/2023:11:24:20 +0000] "POST /api/v1/cart/621588d505253301a4fda5cf HTTP/1.1" 200 56 "-" "PostmanRuntime/7.31.1"

info: ::1 - - [03/Mar/2023:11:25:44 +0000] "POST /api/v1/cart/6401d0cea162723500502747 HTTP/1.1" 400 64 "-" "PostmanRuntime/7.31.1"

info: ::1 - - [03/Mar/2023:11:26:33 +0000] "POST /api/v1/cart/6215890d05253301a4fda5d1 HTTP/1.1" 200 56 "-" "PostmanRuntime/7.31.1"

info: ::1 - - [03/Mar/2023:11:27:22 +0000] "POST /api/v1/cart/6215890d05253301a4fda5d2 HTTP/1.1" 400 64 "-" "PostmanRuntime/7.31.1"

info: ::1 - - [03/Mar/2023:11:27:32 +0000] "POST /api/v1/cart/6215892405253301a4fda5d2 HTTP/1.1" 200 56 "-" "PostmanRuntime/7.31.1"

info: ::1 - - [03/Mar/2023:11:27:48 +0000] "POST /api/v1/cart/6215890d05253301a4fda5d1 HTTP/1.1" 200 56 "-" "PostmanRuntime/7.31.1"

info: ::1 - - [03/Mar/2023:11:28:06 +0000] "POST /api/v1/cart/6215890d05253301a4fda5d1 HTTP/1.1" 200 56 "-" "PostmanRuntime/7.31.1"

info: ::1 - - [03/Mar/2023:12:04:35 +0000] "POST /api/v1/cart/6215890d05253301a4fda5d1 HTTP/1.1" 200 56 "-" "PostmanRuntime/7.31.1"

info: ::1 - - [03/Mar/2023:12:05:21 +0000] "POST /api/v1/cart/6215890d05253301a4fda5d1 HTTP/1.1" 200 56 "-" "PostmanRuntime/7.31.1"

info: ::1 - - [03/Mar/2023:12:05:50 +0000] "POST /api/v1/cart/6215890d05253301a4fda5d1 HTTP/1.1" 200 56 "-" "PostmanRuntime/7.31.1"

info: ::1 - - [03/Mar/2023:12:06:32 +0000] "POST /api/v1/cart/6215890d05253301a4fda5d1 HTTP/1.1" 200 56 "-" "PostmanRuntime/7.31.1"

info: ::1 - - [03/Mar/2023:12:08:08 +0000] "POST /api/v1/cart/6215890d05253301a4fda5d1 HTTP/1.1" 200 56 "-" "PostmanRuntime/7.31.1"

info: ::1 - - [03/Mar/2023:12:08:44 +0000] "POST /api/v1/cart/6215890d05253301a4fda5d1 HTTP/1.1" 200 56 "-" "PostmanRuntime/7.31.1"

info: ::1 - - [03/Mar/2023:12:10:23 +0000] "POST /api/v1/cart/6215890d05253301a4fda5d1 HTTP/1.1" 200 56 "-" "PostmanRuntime/7.31.1"

info: ::1 - - [03/Mar/2023:12:11:08 +0000] "POST /api/v1/cart/6215890d05253301a4fda5d1 HTTP/1.1" 200 56 "-" "PostmanRuntime/7.31.1"

info: ::1 - - [03/Mar/2023:12:11:57 +0000] "POST /api/v1/cart/6215890d05253301a4fda5d1 HTTP/1.1" 200 56 "-" "PostmanRuntime/7.31.1"

info: ::1 - - [03/Mar/2023:12:13:46 +0000] "POST /api/v1/cart/6215890d05253301a4fda5d1 HTTP/1.1" 200 56 "-" "PostmanRuntime/7.31.1"

info: ::1 - - [03/Mar/2023:12:16:47 +0000] "POST /api/v1/cart/6215890d05253301a4fda5d1 HTTP/1.1" 200 56 "-" "PostmanRuntime/7.31.1"

info: ::1 - - [03/Mar/2023:12:18:28 +0000] "POST /api/v1/cart/6215890d05253301a4fda5d1 HTTP/1.1" 200 56 "-" "PostmanRuntime/7.31.1"

info: ::1 - - [03/Mar/2023:12:19:25 +0000] "POST /api/v1/cart/6215892405253301a4fda5d2 HTTP/1.1" 200 56 "-" "PostmanRuntime/7.31.1"

info: ::1 - - [03/Mar/2023:12:20:35 +0000] "POST /api/v1/cart/6215892405253301a4fda5d2 HTTP/1.1" 200 56 "-" "PostmanRuntime/7.31.1"

info: ::1 - - [03/Mar/2023:12:22:15 +0000] "POST /api/v1/cart/6215892405253301a4fda5d2 HTTP/1.1" 200 56 "-" "PostmanRuntime/7.31.1"

info: ::1 - - [03/Mar/2023:12:24:48 +0000] "POST /api/v1/cart/6215892405253301a4fda5d2 HTTP/1.1" 200 56 "-" "PostmanRuntime/7.31.1"

info: ::1 - - [03/Mar/2023:12:24:56 +0000] "POST /api/v1/cart/6215890d05253301a4fda5d1 HTTP/1.1" 200 56 "-" "PostmanRuntime/7.31.1"

info: ::1 - - [03/Mar/2023:12:32:28 +0000] "POST /api/v1/cart/6215895605253301a4fda5d4 HTTP/1.1" 200 339 "-" "PostmanRuntime/7.31.1"

info: ::1 - - [03/Mar/2023:12:35:13 +0000] "POST /api/v1/cart/6215899f05253301a4fda5d7 HTTP/1.1" 200 1073 "-" "PostmanRuntime/7.31.1"

info: ::1 - - [03/Mar/2023:12:35:46 +0000] "POST /api/v1/cart/6215899f05253301a4fda5d7 HTTP/1.1" 200 76 "-" "PostmanRuntime/7.31.1"

info: ::1 - - [03/Mar/2023:12:37:32 +0000] "POST /api/v1/cart/6215899f05253301a4fda5d7 HTTP/1.1" 200 88 "-" "PostmanRuntime/7.31.1"

info: ::1 - - [03/Mar/2023:12:51:44 +0000] "POST /api/v1/cart/6215899f05253301a4fda5d7 HTTP/1.1" 200 69 "-" "PostmanRuntime/7.31.1"

info: ::1 - - [03/Mar/2023:12:52:04 +0000] "POST /api/v1/cart/6215899f05253301a4fda5d7 HTTP/1.1" 200 69 "-" "PostmanRuntime/7.31.1"

info: ::1 - - [03/Mar/2023:12:53:00 +0000] "POST /api/v1/cart/6215899f05253301a4fda5d7 HTTP/1.1" 200 69 "-" "PostmanRuntime/7.31.1"

info: ::1 - - [03/Mar/2023:14:44:01 +0000] "POST /api/v1/cart/6215899f05253301a4fda5d7 HTTP/1.1" 200 88 "-" "PostmanRuntime/7.31.1"

info: ::1 - - [03/Mar/2023:14:47:03 +0000] "POST /api/v1/cart/6215899f05253301a4fda5d7 HTTP/1.1" 200 88 "-" "PostmanRuntime/7.31.1"

info: ::1 - - [03/Mar/2023:14:47:26 +0000] "POST /api/v1/cart/6215899f05253301a4fda5d7 HTTP/1.1" 200 88 "-" "PostmanRuntime/7.31.1"

info: ::1 - - [03/Mar/2023:14:47:47 +0000] "POST /api/v1/cart/6215899f05253301a4fda5d7 HTTP/1.1" 200 88 "-" "PostmanRuntime/7.31.1"

info: ::1 - - [03/Mar/2023:14:47:49 +0000] "POST /api/v1/cart/6215899f05253301a4fda5d7 HTTP/1.1" 200 88 "-" "PostmanRuntime/7.31.1"

info: ::1 - - [03/Mar/2023:14:48:02 +0000] "POST /api/v1/cart/6215899f05253301a4fda5d7 HTTP/1.1" 200 88 "-" "PostmanRuntime/7.31.1"

info: ::1 - - [03/Mar/2023:14:48:42 +0000] "POST /api/v1/cart/6215899f05253301a4fda5d7 HTTP/1.1" 200 88 "-" "PostmanRuntime/7.31.1"

info: ::1 - - [03/Mar/2023:14:49:39 +0000] "POST /api/v1/cart/6215899f05253301a4fda5d7 HTTP/1.1" 200 88 "-" "PostmanRuntime/7.31.1"

info: ::1 - - [03/Mar/2023:14:51:26 +0000] "POST /api/v1/cart/6215899f05253301a4fda5d7 HTTP/1.1" 200 88 "-" "PostmanRuntime/7.31.1"

info: ::1 - - [03/Mar/2023:14:52:01 +0000] "POST /api/v1/cart/6215899f05253301a4fda5d7 HTTP/1.1" 200 88 "-" "PostmanRuntime/7.31.1"

info: ::1 - - [03/Mar/2023:14:52:03 +0000] "POST /api/v1/cart/6215899f05253301a4fda5d7 HTTP/1.1" 200 88 "-" "PostmanRuntime/7.31.1"

info: ::1 - - [03/Mar/2023:14:52:04 +0000] "POST /api/v1/cart/6215899f05253301a4fda5d7 HTTP/1.1" 200 88 "-" "PostmanRuntime/7.31.1"

info: ::1 - - [03/Mar/2023:14:52:05 +0000] "POST /api/v1/cart/6215899f05253301a4fda5d7 HTTP/1.1" 200 88 "-" "PostmanRuntime/7.31.1"

info: ::1 - - [03/Mar/2023:14:52:36 +0000] "POST /api/v1/cart/6215899f05253301a4fda5d7 HTTP/1.1" 200 88 "-" "PostmanRuntime/7.31.1"

info: ::1 - - [03/Mar/2023:14:52:38 +0000] "POST /api/v1/cart/6215899f05253301a4fda5d7 HTTP/1.1" 200 88 "-" "PostmanRuntime/7.31.1"

info: ::1 - - [03/Mar/2023:14:52:39 +0000] "POST /api/v1/cart/6215899f05253301a4fda5d7 HTTP/1.1" 200 88 "-" "PostmanRuntime/7.31.1"

info: ::1 - - [03/Mar/2023:14:52:50 +0000] "POST /api/v1/cart/6215899f05253301a4fda5d7 HTTP/1.1" 200 88 "-" "PostmanRuntime/7.31.1"

info: ::1 - - [03/Mar/2023:14:55:41 +0000] "POST /api/v1/cart/6215899f05253301a4fda5d7 HTTP/1.1" 200 64 "-" "PostmanRuntime/7.31.1"

info: ::1 - - [03/Mar/2023:14:55:48 +0000] "POST /api/v1/cart/6215899f05253301a4fda5d7 HTTP/1.1" 200 64 "-" "PostmanRuntime/7.31.1"

info: ::1 - - [03/Mar/2023:15:41:39 +0000] "POST /api/v1/cart/6215899f05253301a4fda5d7 HTTP/1.1" 200 88 "-" "PostmanRuntime/7.31.1"

info: ::1 - - [03/Mar/2023:15:48:03 +0000] "POST /api/v1/cart/6215899f05253301a4fda5d7 HTTP/1.1" 201 1037 "-" "PostmanRuntime/7.31.1"

info: ::1 - - [03/Mar/2023:15:49:07 +0000] "POST /api/v1/cart/6215899f05253301a4fda5d7 HTTP/1.1" 200 88 "-" "PostmanRuntime/7.31.1"

info: ::1 - - [03/Mar/2023:15:55:12 +0000] "POST /api/v1/cart/6215899f05253301a4fda5d7 HTTP/1.1" 200 88 "-" "PostmanRuntime/7.31.1"

info: ::1 - - [03/Mar/2023:15:56:32 +0000] "POST /api/v1/cart/6215899f05253301a4fda5d7 HTTP/1.1" 200 88 "-" "PostmanRuntime/7.31.1"

info: ::1 - - [03/Mar/2023:15:56:59 +0000] "POST /api/v1/cart/6215899f05253301a4fda5d7 HTTP/1.1" 200 88 "-" "PostmanRuntime/7.31.1"

info: ::1 - - [03/Mar/2023:15:58:24 +0000] "POST /api/v1/cart/6215899f05253301a4fda5d7 HTTP/1.1" 200 88 "-" "PostmanRuntime/7.31.1"

info: ::1 - - [03/Mar/2023:15:59:38 +0000] "POST /api/v1/cart/6215899f05253301a4fda5d7 HTTP/1.1" 200 88 "-" "PostmanRuntime/7.31.1"

info: ::1 - - [03/Mar/2023:16:00:51 +0000] "POST /api/v1/cart/6215899f05253301a4fda5d7 HTTP/1.1" 200 88 "-" "PostmanRuntime/7.31.1"

info: ::1 - - [03/Mar/2023:16:01:54 +0000] "POST /api/v1/cart/6215899f05253301a4fda5d7 HTTP/1.1" 200 88 "-" "PostmanRuntime/7.31.1"

info: ::1 - - [03/Mar/2023:16:02:36 +0000] "POST /api/v1/cart/6215899f05253301a4fda5d7 HTTP/1.1" 200 88 "-" "PostmanRuntime/7.31.1"

info: ::1 - - [03/Mar/2023:16:03:35 +0000] "POST /api/v1/cart/6215899f05253301a4fda5d7 HTTP/1.1" 200 88 "-" "PostmanRuntime/7.31.1"

info: ::1 - - [03/Mar/2023:16:04:05 +0000] "POST /api/v1/cart/6215899f05253301a4fda5d7 HTTP/1.1" 200 88 "-" "PostmanRuntime/7.31.1"

info: ::1 - - [03/Mar/2023:16:05:32 +0000] "POST /api/v1/cart/6215899f05253301a4fda5d7 HTTP/1.1" 200 88 "-" "PostmanRuntime/7.31.1"

info: ::1 - - [03/Mar/2023:16:15:26 +0000] "POST /api/v1/cart/6215899f05253301a4fda5d7 HTTP/1.1" 200 88 "-" "PostmanRuntime/7.31.1"

info: ::1 - - [03/Mar/2023:16:17:32 +0000] "POST /api/v1/cart/6215899f05253301a4fda5d7 HTTP/1.1" 200 88 "-" "PostmanRuntime/7.31.1"

info: ::1 - - [03/Mar/2023:16:20:31 +0000] "POST /api/v1/cart/6215899f05253301a4fda5d7 HTTP/1.1" 200 88 "-" "PostmanRuntime/7.31.1"

info: ::1 - - [03/Mar/2023:16:23:00 +0000] "POST /api/v1/cart/6215899f05253301a4fda5d7 HTTP/1.1" 200 88 "-" "PostmanRuntime/7.31.1"

info: ::1 - - [03/Mar/2023:16:27:34 +0000] "POST /api/v1/cart/6215899f05253301a4fda5d7 HTTP/1.1" 200 88 "-" "PostmanRuntime/7.31.1"

info: ::1 - - [03/Mar/2023:16:28:55 +0000] "POST /api/v1/cart/6215899f05253301a4fda5d7 HTTP/1.1" 200 88 "-" "PostmanRuntime/7.31.1"

info: ::1 - - [03/Mar/2023:16:29:25 +0000] "POST /api/v1/cart/6215899f05253301a4fda5d7 HTTP/1.1" 200 88 "-" "PostmanRuntime/7.31.1"

info: ::1 - - [03/Mar/2023:16:30:13 +0000] "POST /api/v1/cart/6215899f05253301a4fda5d7 HTTP/1.1" 200 88 "-" "PostmanRuntime/7.31.1"

info: ::1 - - [03/Mar/2023:16:31:17 +0000] "POST /api/v1/cart/6215899f05253301a4fda5d7 HTTP/1.1" 200 88 "-" "PostmanRuntime/7.31.1"

info: ::1 - - [03/Mar/2023:16:32:45 +0000] "POST /api/v1/cart/6215899f05253301a4fda5d7 HTTP/1.1" 200 88 "-" "PostmanRuntime/7.31.1"

info: ::1 - - [03/Mar/2023:16:34:20 +0000] "POST /api/v1/cart/6215899f05253301a4fda5d7 HTTP/1.1" 200 88 "-" "PostmanRuntime/7.31.1"

info: ::1 - - [03/Mar/2023:16:35:20 +0000] "POST /api/v1/cart/6215899f05253301a4fda5d7 HTTP/1.1" 200 88 "-" "PostmanRuntime/7.31.1"

info: ::1 - - [03/Mar/2023:16:43:55 +0000] "POST /api/v1/cart/6215899f05253301a4fda5d7 HTTP/1.1" 200 88 "-" "PostmanRuntime/7.31.1"

info: ::1 - - [03/Mar/2023:16:47:15 +0000] "POST /api/v1/cart/6215899f05253301a4fda5d7 HTTP/1.1" 200 88 "-" "PostmanRuntime/7.31.1"

info: ::1 - - [03/Mar/2023:16:49:43 +0000] "POST /api/v1/cart/6215899f05253301a4fda5d7 HTTP/1.1" 200 88 "-" "PostmanRuntime/7.31.1"

info: ::1 - - [03/Mar/2023:16:51:24 +0000] "POST /api/v1/cart/6215895605253301a4fda5d4 HTTP/1.1" 200 88 "-" "PostmanRuntime/7.31.1"

info: ::1 - - [03/Mar/2023:16:52:01 +0000] "POST /api/v1/cart/6215895605253301a4fda5d4 HTTP/1.1" 200 88 "-" "PostmanRuntime/7.31.1"

info: ::1 - - [03/Mar/2023:16:58:05 +0000] "POST /api/v1/cart/6215895605253301a4fda5d4 HTTP/1.1" 200 339 "-" "PostmanRuntime/7.31.1"

info: ::1 - - [03/Mar/2023:16:59:09 +0000] "POST /api/v1/cart/6215895605253301a4fda5d4 HTTP/1.1" 201 339 "-" "PostmanRuntime/7.31.1"

info: ::1 - - [03/Mar/2023:16:59:55 +0000] "POST /api/v1/cart/6215895605253301a4fda5d4 HTTP/1.1" 200 88 "-" "PostmanRuntime/7.31.1"

info: ::1 - - [03/Mar/2023:17:04:18 +0000] "POST /api/v1/cart/6215895605253301a4fda5d4 HTTP/1.1" 200 88 "-" "PostmanRuntime/7.31.1"

info: ::1 - - [03/Mar/2023:17:04:23 +0000] "POST /api/v1/cart/6215895605253301a4fda5d4 HTTP/1.1" 200 88 "-" "PostmanRuntime/7.31.1"

info: ::1 - - [03/Mar/2023:17:04:27 +0000] "POST /api/v1/cart/6215895605253301a4fda5d4 HTTP/1.1" 200 88 "-" "PostmanRuntime/7.31.1"

info: ::1 - - [03/Mar/2023:17:05:12 +0000] "POST /api/v1/cart/6215895605253301a4fda5d4 HTTP/1.1" 200 88 "-" "PostmanRuntime/7.31.1"

info: ::1 - - [03/Mar/2023:17:05:16 +0000] "POST /api/v1/cart/6215895605253301a4fda5d4 HTTP/1.1" 200 88 "-" "PostmanRuntime/7.31.1"

info: ::1 - - [03/Mar/2023:17:06:11 +0000] "POST /api/v1/cart/6215895605253301a4fda5d4 HTTP/1.1" 200 88 "-" "PostmanRuntime/7.31.1"

info: ::1 - - [03/Mar/2023:17:06:13 +0000] "POST /api/v1/cart/6215895605253301a4fda5d4 HTTP/1.1" 200 88 "-" "PostmanRuntime/7.31.1"

info: ::1 - - [03/Mar/2023:17:07:12 +0000] "POST /api/v1/cart/6215895605253301a4fda5d4 HTTP/1.1" 200 74 "-" "PostmanRuntime/7.31.1"

info: ::1 - - [03/Mar/2023:17:07:41 +0000] "POST /api/v1/cart/621589cd05253301a4fda5d9 HTTP/1.1" 200 351 "-" "PostmanRuntime/7.31.1"

info: ::1 - - [03/Mar/2023:17:42:44 +0000] "POST /api/v1/cart/621589cd05253301a4fda5d9 HTTP/1.1" 200 74 "-" "PostmanRuntime/7.31.1"

info: ::1 - - [03/Mar/2023:17:52:53 +0000] "POST /api/v1/cart/621589cd05253301a4fda5d9 HTTP/1.1" 200 74 "-" "PostmanRuntime/7.31.1"

info: ::1 - - [03/Mar/2023:17:54:21 +0000] "POST /api/v1/cart/621589cd05253301a4fda5d9 HTTP/1.1" 200 74 "-" "PostmanRuntime/7.31.1"

